c:\users\василий\особоважно\secret projects\c++\мои проекты\игры\game\game\debug\vc141.pdb
c:\users\василий\особоважно\secret projects\c++\мои проекты\игры\game\game\debug\vc141.idb
c:\users\василий\особоважно\secret projects\c++\мои проекты\игры\game\game\debug\lifebar.obj
c:\users\василий\особоважно\secret projects\c++\мои проекты\игры\game\game\debug\main.obj
c:\users\василий\особоважно\secret projects\c++\мои проекты\игры\game\game\debug\menustate.obj
c:\users\василий\особоважно\secret projects\c++\мои проекты\игры\game\game\debug\minotaurmage.obj
c:\users\василий\особоважно\secret projects\c++\мои проекты\игры\game\game\debug\mission.obj
c:\users\василий\особоважно\secret projects\c++\мои проекты\игры\game\game\debug\movingplatform.obj
c:\users\василий\особоважно\secret projects\c++\мои проекты\игры\game\game\debug\pausestate.obj
c:\users\василий\особоважно\secret projects\c++\мои проекты\игры\game\game\debug\player.obj
c:\users\василий\особоважно\secret projects\c++\мои проекты\игры\game\game\debug\playerinfo.obj
c:\users\василий\особоважно\secret projects\c++\мои проекты\игры\game\game\debug\settingsstate.obj
c:\users\василий\особоважно\secret projects\c++\мои проекты\игры\game\game\debug\shadow.obj
c:\users\василий\особоважно\secret projects\c++\мои проекты\игры\game\game\debug\state.obj
c:\users\василий\особоважно\secret projects\c++\мои проекты\игры\game\game\debug\statestack.obj
c:\users\василий\особоважно\secret projects\c++\мои проекты\игры\game\game\debug\titlestate.obj
c:\users\василий\особоважно\secret projects\c++\мои проекты\игры\game\game\debug\utility.obj
c:\users\василий\особоважно\secret projects\c++\мои проекты\игры\game\game\debug\world.obj
c:\users\василий\особоважно\secret projects\c++\мои проекты\игры\game\game\debug\tinystr.obj
c:\users\василий\особоважно\secret projects\c++\мои проекты\игры\game\game\debug\tinyxml.obj
c:\users\василий\особоважно\secret projects\c++\мои проекты\игры\game\game\debug\tinyxmlerror.obj
c:\users\василий\особоважно\secret projects\c++\мои проекты\игры\game\game\debug\tinyxmlparser.obj
c:\users\василий\особоважно\secret projects\c++\мои проекты\игры\game\game\debug\animatedsprite.obj
c:\users\василий\особоважно\secret projects\c++\мои проекты\игры\game\game\debug\animation.obj
c:\users\василий\особоважно\secret projects\c++\мои проекты\игры\game\game\debug\application.obj
c:\users\василий\особоважно\secret projects\c++\мои проекты\игры\game\game\debug\bullet.obj
c:\users\василий\особоважно\secret projects\c++\мои проекты\игры\game\game\debug\button.obj
c:\users\василий\особоважно\secret projects\c++\мои проекты\игры\game\game\debug\component.obj
c:\users\василий\особоважно\secret projects\c++\мои проекты\игры\game\game\debug\container.obj
c:\users\василий\особоважно\secret projects\c++\мои проекты\игры\game\game\debug\darksoldier.obj
c:\users\василий\особоважно\secret projects\c++\мои проекты\игры\game\game\debug\datatables.obj
c:\users\василий\особоважно\secret projects\c++\мои проекты\игры\game\game\debug\dialogstate.obj
c:\users\василий\особоважно\secret projects\c++\мои проекты\игры\game\game\debug\dwarf.obj
c:\users\василий\особоважно\secret projects\c++\мои проекты\игры\game\game\debug\enemy.obj
c:\users\василий\особоважно\secret projects\c++\мои проекты\игры\game\game\debug\entity.obj
c:\users\василий\особоважно\secret projects\c++\мои проекты\игры\game\game\debug\gameoverstate.obj
c:\users\василий\особоважно\secret projects\c++\мои проекты\игры\game\game\debug\gamestate.obj
c:\users\василий\особоважно\secret projects\c++\мои проекты\игры\game\game\debug\ghost.obj
c:\users\василий\особоважно\secret projects\c++\мои проекты\игры\game\game\debug\goblin.obj
c:\users\василий\особоважно\secret projects\c++\мои проекты\игры\game\game\debug\golem.obj
c:\users\василий\особоважно\secret projects\c++\мои проекты\игры\game\game\debug\label.obj
c:\users\василий\особоважно\secret projects\c++\мои проекты\игры\game\game\debug\level.obj
c:\users\василий\особоважно\secret projects\c++\мои проекты\игры\game\debug\game.ilk
c:\users\василий\особоважно\secret projects\c++\мои проекты\игры\game\debug\game.exe
c:\users\василий\особоважно\secret projects\c++\мои проекты\игры\game\debug\game.pdb
c:\users\василий\особоважно\secret projects\c++\мои проекты\игры\game\game\debug\game.tlog\cl.command.1.tlog
c:\users\василий\особоважно\secret projects\c++\мои проекты\игры\game\game\debug\game.tlog\cl.read.1.tlog
c:\users\василий\особоважно\secret projects\c++\мои проекты\игры\game\game\debug\game.tlog\cl.write.1.tlog
c:\users\василий\особоважно\secret projects\c++\мои проекты\игры\game\game\debug\game.tlog\link.command.1.tlog
c:\users\василий\особоважно\secret projects\c++\мои проекты\игры\game\game\debug\game.tlog\link.read.1.tlog
c:\users\василий\особоважно\secret projects\c++\мои проекты\игры\game\game\debug\game.tlog\link.write.1.tlog
