c:\users\василий\особоважно\secret projects\c++\мои проекты\игры\game\game\releasewithoutconsole\vc141.pdb
c:\users\василий\особоважно\secret projects\c++\мои проекты\игры\game\game\releasewithoutconsole\level.obj
c:\users\василий\особоважно\secret projects\c++\мои проекты\игры\game\game\releasewithoutconsole\label.obj
c:\users\василий\особоважно\secret projects\c++\мои проекты\игры\game\game\releasewithoutconsole\golem.obj
c:\users\василий\особоважно\secret projects\c++\мои проекты\игры\game\game\releasewithoutconsole\goblin.obj
c:\users\василий\особоважно\secret projects\c++\мои проекты\игры\game\game\releasewithoutconsole\ghost.obj
c:\users\василий\особоважно\secret projects\c++\мои проекты\игры\game\game\releasewithoutconsole\gamestate.obj
c:\users\василий\особоважно\secret projects\c++\мои проекты\игры\game\game\releasewithoutconsole\gameoverstate.obj
c:\users\василий\особоважно\secret projects\c++\мои проекты\игры\game\game\releasewithoutconsole\entity.obj
c:\users\василий\особоважно\secret projects\c++\мои проекты\игры\game\game\releasewithoutconsole\enemy.obj
c:\users\василий\особоважно\secret projects\c++\мои проекты\игры\game\game\releasewithoutconsole\dwarf.obj
c:\users\василий\особоважно\secret projects\c++\мои проекты\игры\game\game\releasewithoutconsole\dialogstate.obj
c:\users\василий\особоважно\secret projects\c++\мои проекты\игры\game\game\releasewithoutconsole\datatables.obj
c:\users\василий\особоважно\secret projects\c++\мои проекты\игры\game\game\releasewithoutconsole\darksoldier.obj
c:\users\василий\особоважно\secret projects\c++\мои проекты\игры\game\game\releasewithoutconsole\container.obj
c:\users\василий\особоважно\secret projects\c++\мои проекты\игры\game\game\releasewithoutconsole\component.obj
c:\users\василий\особоважно\secret projects\c++\мои проекты\игры\game\game\releasewithoutconsole\button.obj
c:\users\василий\особоважно\secret projects\c++\мои проекты\игры\game\game\releasewithoutconsole\bullet.obj
c:\users\василий\особоважно\secret projects\c++\мои проекты\игры\game\game\releasewithoutconsole\application.obj
c:\users\василий\особоважно\secret projects\c++\мои проекты\игры\game\game\releasewithoutconsole\animation.obj
c:\users\василий\особоважно\secret projects\c++\мои проекты\игры\game\game\releasewithoutconsole\animatedsprite.obj
c:\users\василий\особоважно\secret projects\c++\мои проекты\игры\game\game\releasewithoutconsole\tinyxmlparser.obj
c:\users\василий\особоважно\secret projects\c++\мои проекты\игры\game\game\releasewithoutconsole\tinyxmlerror.obj
c:\users\василий\особоважно\secret projects\c++\мои проекты\игры\game\game\releasewithoutconsole\tinyxml.obj
c:\users\василий\особоважно\secret projects\c++\мои проекты\игры\game\game\releasewithoutconsole\tinystr.obj
c:\users\василий\особоважно\secret projects\c++\мои проекты\игры\game\game\releasewithoutconsole\world.obj
c:\users\василий\особоважно\secret projects\c++\мои проекты\игры\game\game\releasewithoutconsole\utility.obj
c:\users\василий\особоважно\secret projects\c++\мои проекты\игры\game\game\releasewithoutconsole\titlestate.obj
c:\users\василий\особоважно\secret projects\c++\мои проекты\игры\game\game\releasewithoutconsole\statestack.obj
c:\users\василий\особоважно\secret projects\c++\мои проекты\игры\game\game\releasewithoutconsole\state.obj
c:\users\василий\особоважно\secret projects\c++\мои проекты\игры\game\game\releasewithoutconsole\shadow.obj
c:\users\василий\особоважно\secret projects\c++\мои проекты\игры\game\game\releasewithoutconsole\settingsstate.obj
c:\users\василий\особоважно\secret projects\c++\мои проекты\игры\game\game\releasewithoutconsole\playerinfo.obj
c:\users\василий\особоважно\secret projects\c++\мои проекты\игры\game\game\releasewithoutconsole\player.obj
c:\users\василий\особоважно\secret projects\c++\мои проекты\игры\game\game\releasewithoutconsole\pausestate.obj
c:\users\василий\особоважно\secret projects\c++\мои проекты\игры\game\game\releasewithoutconsole\movingplatform.obj
c:\users\василий\особоважно\secret projects\c++\мои проекты\игры\game\game\releasewithoutconsole\mission.obj
c:\users\василий\особоважно\secret projects\c++\мои проекты\игры\game\game\releasewithoutconsole\minotaurmage.obj
c:\users\василий\особоважно\secret projects\c++\мои проекты\игры\game\game\releasewithoutconsole\menustate.obj
c:\users\василий\особоважно\secret projects\c++\мои проекты\игры\game\game\releasewithoutconsole\main.obj
c:\users\василий\особоважно\secret projects\c++\мои проекты\игры\game\game\releasewithoutconsole\lifebar.obj
c:\users\василий\особоважно\secret projects\c++\мои проекты\игры\game\game\releasewithoutconsole\gate.obj
c:\users\василий\особоважно\secret projects\c++\мои проекты\игры\game\game\releasewithoutconsole\dialogperson.obj
c:\users\василий\особоважно\secret projects\c++\мои проекты\игры\game\game\releasewithoutconsole\tentacle.obj
c:\users\василий\особоважно\secret projects\c++\мои проекты\игры\game\game\releasewithoutconsole\rock.obj
c:\users\василий\особоважно\secret projects\c++\мои проекты\игры\game\game\releasewithoutconsole\paralleltask.obj
c:\users\василий\особоважно\secret projects\c++\мои проекты\игры\game\game\releasewithoutconsole\loadingstate.obj
c:\users\василий\особоважно\secret projects\c++\мои проекты\игры\game\releasewithoutconsole\game.lib
c:\users\василий\особоважно\secret projects\c++\мои проекты\игры\game\releasewithoutconsole\game.exp
c:\users\василий\особоважно\secret projects\c++\мои проекты\игры\game\releasewithoutconsole\game.ipdb
c:\users\василий\особоважно\secret projects\c++\мои проекты\игры\game\releasewithoutconsole\game.iobj
c:\users\василий\особоважно\secret projects\c++\мои проекты\игры\game\releasewithoutconsole\game.pdb
c:\users\василий\особоважно\secret projects\c++\мои проекты\игры\game\releasewithoutconsole\game.exe
c:\users\василий\особоважно\secret projects\c++\мои проекты\игры\game\game\releasewithoutconsole\game.tlog\cl.command.1.tlog
c:\users\василий\особоважно\secret projects\c++\мои проекты\игры\game\game\releasewithoutconsole\game.tlog\cl.read.1.tlog
c:\users\василий\особоважно\secret projects\c++\мои проекты\игры\game\game\releasewithoutconsole\game.tlog\cl.write.1.tlog
c:\users\василий\особоважно\secret projects\c++\мои проекты\игры\game\game\releasewithoutconsole\game.tlog\game.write.1u.tlog
c:\users\василий\особоважно\secret projects\c++\мои проекты\игры\game\game\releasewithoutconsole\game.tlog\link.command.1.tlog
c:\users\василий\особоважно\secret projects\c++\мои проекты\игры\game\game\releasewithoutconsole\game.tlog\link.read.1.tlog
c:\users\василий\особоважно\secret projects\c++\мои проекты\игры\game\game\releasewithoutconsole\game.tlog\link.write.1.tlog
